<?xml version="1.0" encoding="UTF-8"?>
<!-- Generated by org.testng.reporters.JUnitXMLReporter -->
<testsuite hostname="Rased" ignored="0" name="Default test" tests="1" failures="0" timestamp="12 Jan 2020 13:05:44 GMT" time="0.06" errors="0">
  <testcase name="@BeforeSuite setUp" time="54.508" classname="base.TestBase">
    <failure type="org.openqa.selenium.WebDriverException" message="Failed to connect to binary FirefoxBinary(C:\Program Files\Mozilla Firefox\firefox.exe) on port 7055; process output follows: 
a285-3208198ce6fd}.xpi&amp;quot;,&amp;quot;installDate&amp;quot;:1492142093000,&amp;quot;updateDate&amp;quot;:1492142093000,&amp;quot;applyBackgroundUpdates&amp;quot;:1,&amp;quot;skinnable&amp;quot;:true,&amp;quot;size&amp;quot;:8201,&amp;quot;sourceURI&amp;quot;:null,&amp;quot;releaseNotesURI&amp;quot;:null,&amp;quot;softDisabled&amp;quot;:false,&amp;quot;foreignInstall&amp;quot;:false,&amp;quot;hasBinaryComponents&amp;quot;:false,&amp;quot;strictCompatibility&amp;quot;:true,&amp;quot;locales&amp;quot;:[],&amp;quot;targetApplications&amp;quot;:[{&amp;quot;id&amp;quot;:&amp;quot;{ec8030f7-c20a-464f-9b0e-13a3a9e97384}&amp;quot;,&amp;quot;minVersion&amp;quot;:&amp;quot;53.0&amp;quot;,&amp;quot;maxVersion&amp;quot;:&amp;quot;53.0&amp;quot;}],&amp;quot;targetPlatforms&amp;quot;:[],&amp;quot;seen&amp;quot;:true,&amp;quot;dependencies&amp;quot;:[],&amp;quot;hasEmbeddedWebExtension&amp;quot;:false,&amp;quot;userPermissions&amp;quot;:null}
1578834298594	addons.xpi	DEBUG	getModTime: Recursive scan of {972ce4c6-7e08-4474-a285-3208198ce6fd}
1578834298595	DeferredSave.extensions.json	DEBUG	Save changes
1578834298595	addons.xpi	DEBUG	Updating database with changes to installed add-ons
1578834298595	addons.xpi-utils	DEBUG	Updating add-on states
1578834298598	addons.xpi-utils	DEBUG	Writing add-ons list
1578834298604	addons.xpi	DEBUG	Registering manifest for C:\Program Files\Mozilla Firefox\browser\features\aushelper@mozilla.org.xpi
1578834298605	addons.xpi	DEBUG	Calling bootstrap method startup on aushelper@mozilla.org version 2.0
1578834298607	addons.xpi	DEBUG	Registering manifest for C:\Program Files\Mozilla Firefox\browser\features\e10srollout@mozilla.org.xpi
1578834298608	addons.xpi	DEBUG	Calling bootstrap method startup on e10srollout@mozilla.org version 1.14
1578834298609	addons.xpi	DEBUG	Registering manifest for C:\Program Files\Mozilla Firefox\browser\features\firefox@getpocket.com.xpi
1578834298610	addons.xpi	DEBUG	Calling bootstrap method startup on firefox@getpocket.com version 1.0.5
1578834298611	addons.xpi	DEBUG	Registering manifest for C:\Program Files\Mozilla Firefox\browser\features\webcompat@mozilla.org.xpi
1578834298613	addons.xpi	DEBUG	Calling bootstrap method startup on webcompat@mozilla.org version 1.0
1578834298617	addons.manager	DEBUG	Registering shutdown blocker for XPIProvider
1578834298617	addons.manager	DEBUG	Provider finished startup: XPIProvider
1578834298617	addons.manager	DEBUG	Starting provider: LightweightThemeManager
1578834298618	addons.manager	DEBUG	Registering shutdown blocker for LightweightThemeManager
1578834298618	addons.manager	DEBUG	Provider finished startup: LightweightThemeManager
1578834298619	addons.manager	DEBUG	Starting provider: GMPProvider
1578834298628	addons.manager	DEBUG	Registering shutdown blocker for GMPProvider
1578834298628	addons.manager	DEBUG	Provider finished startup: GMPProvider
1578834298629	addons.manager	DEBUG	Starting provider: PluginProvider
1578834298629	addons.manager	DEBUG	Registering shutdown blocker for PluginProvider
1578834298629	addons.manager	DEBUG	Provider finished startup: PluginProvider
1578834298630	addons.manager	DEBUG	Completed startup sequence
1578834300344	addons.manager	DEBUG	Starting provider: &amp;lt;unnamed-provider&amp;gt;
1578834300345	addons.manager	DEBUG	Registering shutdown blocker for &amp;lt;unnamed-provider&amp;gt;
1578834300345	addons.manager	DEBUG	Provider finished startup: &amp;lt;unnamed-provider&amp;gt;
1578834300598	DeferredSave.extensions.json	DEBUG	Write succeeded
1578834300598	addons.xpi-utils	DEBUG	XPI Database saved, setting schema version preference to 19
1578834300599	DeferredSave.extensions.json	DEBUG	Starting timer
1578834300622	DeferredSave.extensions.json	DEBUG	Starting write
1578834300627	addons.repository	DEBUG	No addons.json found.
1578834300628	DeferredSave.addons.json	DEBUG	Save changes
1578834300634	DeferredSave.addons.json	DEBUG	Starting timer
1578834300685	addons.manager	DEBUG	Starting provider: PreviousExperimentProvider
1578834300686	addons.manager	DEBUG	Registering shutdown blocker for PreviousExperimentProvider
1578834300686	addons.manager	DEBUG	Provider finished startup: PreviousExperimentProvider
1578834300689	DeferredSave.addons.json	DEBUG	Starting write
1578834300708	DeferredSave.extensions.json	DEBUG	Write succeeded
1578834300777	DeferredSave.addons.json	DEBUG	Write succeeded
[GPU 15288] WARNING: pipe error: 109: file c:/builds/moz2_slave/m-rel-w64-00000000000000000000/build/src/ipc/chromium/src/chrome/common/ipc_channel_win.cc, line 346

Build info: version: &amp;apos;2.53.1&amp;apos;, revision: &amp;apos;a36b8b1cd5757287168e54b817830adce9b0158d&amp;apos;, time: &amp;apos;2016-06-30 19:26:09&amp;apos;
System info: host: &amp;apos;Rased&amp;apos;, ip: &amp;apos;192.168.2.4&amp;apos;, os.name: &amp;apos;Windows 10&amp;apos;, os.arch: &amp;apos;amd64&amp;apos;, os.version: &amp;apos;10.0&amp;apos;, java.version: &amp;apos;1.8.0_131&amp;apos;
Driver info: driver.version: FirefoxDriver">
      <![CDATA[org.openqa.selenium.WebDriverException: Failed to connect to binary FirefoxBinary(C:\Program Files\Mozilla Firefox\firefox.exe) on port 7055; process output follows: 
a285-3208198ce6fd}.xpi","installDate":1492142093000,"updateDate":1492142093000,"applyBackgroundUpdates":1,"skinnable":true,"size":8201,"sourceURI":null,"releaseNotesURI":null,"softDisabled":false,"foreignInstall":false,"hasBinaryComponents":false,"strictCompatibility":true,"locales":[],"targetApplications":[{"id":"{ec8030f7-c20a-464f-9b0e-13a3a9e97384}","minVersion":"53.0","maxVersion":"53.0"}],"targetPlatforms":[],"seen":true,"dependencies":[],"hasEmbeddedWebExtension":false,"userPermissions":null}
1578834298594	addons.xpi	DEBUG	getModTime: Recursive scan of {972ce4c6-7e08-4474-a285-3208198ce6fd}
1578834298595	DeferredSave.extensions.json	DEBUG	Save changes
1578834298595	addons.xpi	DEBUG	Updating database with changes to installed add-ons
1578834298595	addons.xpi-utils	DEBUG	Updating add-on states
1578834298598	addons.xpi-utils	DEBUG	Writing add-ons list
1578834298604	addons.xpi	DEBUG	Registering manifest for C:\Program Files\Mozilla Firefox\browser\features\aushelper@mozilla.org.xpi
1578834298605	addons.xpi	DEBUG	Calling bootstrap method startup on aushelper@mozilla.org version 2.0
1578834298607	addons.xpi	DEBUG	Registering manifest for C:\Program Files\Mozilla Firefox\browser\features\e10srollout@mozilla.org.xpi
1578834298608	addons.xpi	DEBUG	Calling bootstrap method startup on e10srollout@mozilla.org version 1.14
1578834298609	addons.xpi	DEBUG	Registering manifest for C:\Program Files\Mozilla Firefox\browser\features\firefox@getpocket.com.xpi
1578834298610	addons.xpi	DEBUG	Calling bootstrap method startup on firefox@getpocket.com version 1.0.5
1578834298611	addons.xpi	DEBUG	Registering manifest for C:\Program Files\Mozilla Firefox\browser\features\webcompat@mozilla.org.xpi
1578834298613	addons.xpi	DEBUG	Calling bootstrap method startup on webcompat@mozilla.org version 1.0
1578834298617	addons.manager	DEBUG	Registering shutdown blocker for XPIProvider
1578834298617	addons.manager	DEBUG	Provider finished startup: XPIProvider
1578834298617	addons.manager	DEBUG	Starting provider: LightweightThemeManager
1578834298618	addons.manager	DEBUG	Registering shutdown blocker for LightweightThemeManager
1578834298618	addons.manager	DEBUG	Provider finished startup: LightweightThemeManager
1578834298619	addons.manager	DEBUG	Starting provider: GMPProvider
1578834298628	addons.manager	DEBUG	Registering shutdown blocker for GMPProvider
1578834298628	addons.manager	DEBUG	Provider finished startup: GMPProvider
1578834298629	addons.manager	DEBUG	Starting provider: PluginProvider
1578834298629	addons.manager	DEBUG	Registering shutdown blocker for PluginProvider
1578834298629	addons.manager	DEBUG	Provider finished startup: PluginProvider
1578834298630	addons.manager	DEBUG	Completed startup sequence
1578834300344	addons.manager	DEBUG	Starting provider: <unnamed-provider>
1578834300345	addons.manager	DEBUG	Registering shutdown blocker for <unnamed-provider>
1578834300345	addons.manager	DEBUG	Provider finished startup: <unnamed-provider>
1578834300598	DeferredSave.extensions.json	DEBUG	Write succeeded
1578834300598	addons.xpi-utils	DEBUG	XPI Database saved, setting schema version preference to 19
1578834300599	DeferredSave.extensions.json	DEBUG	Starting timer
1578834300622	DeferredSave.extensions.json	DEBUG	Starting write
1578834300627	addons.repository	DEBUG	No addons.json found.
1578834300628	DeferredSave.addons.json	DEBUG	Save changes
1578834300634	DeferredSave.addons.json	DEBUG	Starting timer
1578834300685	addons.manager	DEBUG	Starting provider: PreviousExperimentProvider
1578834300686	addons.manager	DEBUG	Registering shutdown blocker for PreviousExperimentProvider
1578834300686	addons.manager	DEBUG	Provider finished startup: PreviousExperimentProvider
1578834300689	DeferredSave.addons.json	DEBUG	Starting write
1578834300708	DeferredSave.extensions.json	DEBUG	Write succeeded
1578834300777	DeferredSave.addons.json	DEBUG	Write succeeded
[GPU 15288] WARNING: pipe error: 109: file c:/builds/moz2_slave/m-rel-w64-00000000000000000000/build/src/ipc/chromium/src/chrome/common/ipc_channel_win.cc, line 346

Build info: version: '2.53.1', revision: 'a36b8b1cd5757287168e54b817830adce9b0158d', time: '2016-06-30 19:26:09'
System info: host: 'Rased', ip: '192.168.2.4', os.name: 'Windows 10', os.arch: 'amd64', os.version: '10.0', java.version: '1.8.0_131'
Driver info: driver.version: FirefoxDriver
	at org.openqa.selenium.firefox.internal.NewProfileExtensionConnection.start(NewProfileExtensionConnection.java:125)
	at org.openqa.selenium.firefox.FirefoxDriver.startClient(FirefoxDriver.java:271)
	at org.openqa.selenium.remote.RemoteWebDriver.<init>(RemoteWebDriver.java:119)
	at org.openqa.selenium.firefox.FirefoxDriver.<init>(FirefoxDriver.java:216)
	at org.openqa.selenium.firefox.FirefoxDriver.<init>(FirefoxDriver.java:211)
	at org.openqa.selenium.firefox.FirefoxDriver.<init>(FirefoxDriver.java:207)
	at org.openqa.selenium.firefox.FirefoxDriver.<init>(FirefoxDriver.java:120)
	at base.TestBase.setUp(TestBase.java:91)
	at sun.reflect.NativeMethodAccessorImpl.invoke0(Native Method)
	at sun.reflect.NativeMethodAccessorImpl.invoke(NativeMethodAccessorImpl.java:62)
	at sun.reflect.DelegatingMethodAccessorImpl.invoke(DelegatingMethodAccessorImpl.java:43)
	at java.lang.reflect.Method.invoke(Method.java:498)
	at org.testng.internal.MethodInvocationHelper.invokeMethod(MethodInvocationHelper.java:108)
	at org.testng.internal.Invoker.invokeConfigurationMethod(Invoker.java:523)
	at org.testng.internal.Invoker.invokeConfigurations(Invoker.java:224)
	at org.testng.internal.Invoker.invokeConfigurations(Invoker.java:146)
	at org.testng.SuiteRunner.privateRun(SuiteRunner.java:326)
	at org.testng.SuiteRunner.run(SuiteRunner.java:289)
	at org.testng.SuiteRunnerWorker.runSuite(SuiteRunnerWorker.java:52)
	at org.testng.SuiteRunnerWorker.run(SuiteRunnerWorker.java:86)
	at org.testng.TestNG.runSuitesSequentially(TestNG.java:1301)
	at org.testng.TestNG.runSuitesLocally(TestNG.java:1226)
	at org.testng.TestNG.runSuites(TestNG.java:1144)
	at org.testng.TestNG.run(TestNG.java:1115)
	at org.testng.remote.AbstractRemoteTestNG.run(AbstractRemoteTestNG.java:132)
	at org.testng.remote.RemoteTestNG.initAndRun(RemoteTestNG.java:230)
	at org.testng.remote.RemoteTestNG.main(RemoteTestNG.java:76)
Caused by: org.openqa.selenium.firefox.NotConnectedException: Unable to connect to host 127.0.0.1 on port 7055 after 45000 ms. Firefox console output:
a285-3208198ce6fd}.xpi","installDate":1492142093000,"updateDate":1492142093000,"applyBackgroundUpdates":1,"skinnable":true,"size":8201,"sourceURI":null,"releaseNotesURI":null,"softDisabled":false,"foreignInstall":false,"hasBinaryComponents":false,"strictCompatibility":true,"locales":[],"targetApplications":[{"id":"{ec8030f7-c20a-464f-9b0e-13a3a9e97384}","minVersion":"53.0","maxVersion":"53.0"}],"targetPlatforms":[],"seen":true,"dependencies":[],"hasEmbeddedWebExtension":false,"userPermissions":null}
1578834298594	addons.xpi	DEBUG	getModTime: Recursive scan of {972ce4c6-7e08-4474-a285-3208198ce6fd}
1578834298595	DeferredSave.extensions.json	DEBUG	Save changes
1578834298595	addons.xpi	DEBUG	Updating database with changes to installed add-ons
1578834298595	addons.xpi-utils	DEBUG	Updating add-on states
1578834298598	addons.xpi-utils	DEBUG	Writing add-ons list
1578834298604	addons.xpi	DEBUG	Registering manifest for C:\Program Files\Mozilla Firefox\browser\features\aushelper@mozilla.org.xpi
1578834298605	addons.xpi	DEBUG	Calling bootstrap method startup on aushelper@mozilla.org version 2.0
1578834298607	addons.xpi	DEBUG	Registering manifest for C:\Program Files\Mozilla Firefox\browser\features\e10srollout@mozilla.org.xpi
1578834298608	addons.xpi	DEBUG	Calling bootstrap method startup on e10srollout@mozilla.org version 1.14
1578834298609	addons.xpi	DEBUG	Registering manifest for C:\Program Files\Mozilla Firefox\browser\features\firefox@getpocket.com.xpi
1578834298610	addons.xpi	DEBUG	Calling bootstrap method startup on firefox@getpocket.com version 1.0.5
1578834298611	addons.xpi	DEBUG	Registering manifest for C:\Program Files\Mozilla Firefox\browser\features\webcompat@mozilla.org.xpi
1578834298613	addons.xpi	DEBUG	Calling bootstrap method startup on webcompat@mozilla.org version 1.0
1578834298617	addons.manager	DEBUG	Registering shutdown blocker for XPIProvider
1578834298617	addons.manager	DEBUG	Provider finished startup: XPIProvider
1578834298617	addons.manager	DEBUG	Starting provider: LightweightThemeManager
1578834298618	addons.manager	DEBUG	Registering shutdown blocker for LightweightThemeManager
1578834298618	addons.manager	DEBUG	Provider finished startup: LightweightThemeManager
1578834298619	addons.manager	DEBUG	Starting provider: GMPProvider
1578834298628	addons.manager	DEBUG	Registering shutdown blocker for GMPProvider
1578834298628	addons.manager	DEBUG	Provider finished startup: GMPProvider
1578834298629	addons.manager	DEBUG	Starting provider: PluginProvider
1578834298629	addons.manager	DEBUG	Registering shutdown blocker for PluginProvider
1578834298629	addons.manager	DEBUG	Provider finished startup: PluginProvider
1578834298630	addons.manager	DEBUG	Completed startup sequence
1578834300344	addons.manager	DEBUG	Starting provider: <unnamed-provider>
1578834300345	addons.manager	DEBUG	Registering shutdown blocker for <unnamed-provider>
1578834300345	addons.manager	DEBUG	Provider finished startup: <unnamed-provider>
1578834300598	DeferredSave.extensions.json	DEBUG	Write succeeded
1578834300598	addons.xpi-utils	DEBUG	XPI Database saved, setting schema version preference to 19
1578834300599	DeferredSave.extensions.json	DEBUG	Starting timer
1578834300622	DeferredSave.extensions.json	DEBUG	Starting write
1578834300627	addons.repository	DEBUG	No addons.json found.
1578834300628	DeferredSave.addons.json	DEBUG	Save changes
1578834300634	DeferredSave.addons.json	DEBUG	Starting timer
1578834300685	addons.manager	DEBUG	Starting provider: PreviousExperimentProvider
1578834300686	addons.manager	DEBUG	Registering shutdown blocker for PreviousExperimentProvider
1578834300686	addons.manager	DEBUG	Provider finished startup: PreviousExperimentProvider
1578834300689	DeferredSave.addons.json	DEBUG	Starting write
1578834300708	DeferredSave.extensions.json	DEBUG	Write succeeded
1578834300777	DeferredSave.addons.json	DEBUG	Write succeeded
[GPU 15288] WARNING: pipe error: 109: file c:/builds/moz2_slave/m-rel-w64-00000000000000000000/build/src/ipc/chromium/src/chrome/common/ipc_channel_win.cc, line 346

	at org.openqa.selenium.firefox.internal.NewProfileExtensionConnection.start(NewProfileExtensionConnection.java:113)
	... 26 more
]]>
    </failure>
  </testcase> <!-- @BeforeSuite setUp -->
  <testcase name="nextDoorHubLogin" time="0.0" classname="testcases.NextDoorHubLogin">
    <skipped/>
  </testcase> <!-- nextDoorHubLogin -->
</testsuite> <!-- Default test -->
