<?xml version="1.0" encoding="UTF-8"?>
<!-- Generated by org.testng.reporters.JUnitXMLReporter -->
<testsuite hostname="Rased" ignored="0" name="Bank Manager Login Test" tests="1" failures="1" timestamp="12 Jan 2020 05:46:24 GMT" time="6.726" errors="0">
  <testcase name="bankManagerLoginTest" time="6.623" classname="testcases.BankManagerLoginTest">
    <failure type="java.lang.NullPointerException">
      <![CDATA[java.lang.NullPointerException
	at base.TestBase.type(TestBase.java:170)
	at testcases.BankManagerLoginTest.bankManagerLoginTest(BankManagerLoginTest.java:15)
... Removed 25 stack frames]]>
    </failure>
  </testcase> <!-- bankManagerLoginTest -->
</testsuite> <!-- Bank Manager Login Test -->
